info: Microsoft.Hosting.Lifetime[0]
      Application started. Press Ctrl+C to shut down.
info: Microsoft.Hosting.Lifetime[0]
      Hosting environment: Production
info: Microsoft.Hosting.Lifetime[0]
      Content root path: F:\UM\Website\WEB-PORTAL-API\WEB-PORTAL-API\bin\Release\net6.0\
warn: Microsoft.AspNetCore.HttpsPolicy.HttpsRedirectionMiddleware[3]
      Failed to determine the https port for redirect.
info: Microsoft.EntityFrameworkCore.Database.Command[20101]
      Executed DbCommand (213ms) [Parameters=[], CommandType='Text', CommandTimeout='30']
      SELECT [n].[NewsId], [n].[CreatedBy], [n].[DateCreated], [n].[DateModified], [n].[Description], [n].[Image], [n].[ModifiedBy], [n].[Title]
      FROM [News] AS [n]
info: Microsoft.EntityFrameworkCore.Database.Command[20101]
      Executed DbCommand (8ms) [Parameters=[], CommandType='Text', CommandTimeout='30']
      SELECT [n].[NewsId], [n].[CreatedBy], [n].[DateCreated], [n].[DateModified], [n].[Description], [n].[Image], [n].[ModifiedBy], [n].[Title]
      FROM [News] AS [n]
info: Microsoft.EntityFrameworkCore.Database.Command[20101]
      Executed DbCommand (1ms) [Parameters=[], CommandType='Text', CommandTimeout='30']
      SELECT [n].[NewsId], [n].[CreatedBy], [n].[DateCreated], [n].[DateModified], [n].[Description], [n].[Image], [n].[ModifiedBy], [n].[Title]
      FROM [News] AS [n]
info: Microsoft.EntityFrameworkCore.Database.Command[20101]
      Executed DbCommand (4ms) [Parameters=[], CommandType='Text', CommandTimeout='30']
      SELECT [s].[ServiceId], [s].[CreatedBy], [s].[DateCreated], [s].[DateModified], [s].[Description], [s].[ModifiedBy], [s].[Title]
      FROM [Services] AS [s]
info: Microsoft.EntityFrameworkCore.Database.Command[20101]
      Executed DbCommand (1ms) [Parameters=[], CommandType='Text', CommandTimeout='30']
      SELECT [s].[ServiceId], [s].[CreatedBy], [s].[DateCreated], [s].[DateModified], [s].[Description], [s].[ModifiedBy], [s].[Title]
      FROM [Services] AS [s]
info: Microsoft.EntityFrameworkCore.Database.Command[20101]
      Executed DbCommand (7ms) [Parameters=[], CommandType='Text', CommandTimeout='30']
      SELECT [n].[NewsId], [n].[CreatedBy], [n].[DateCreated], [n].[DateModified], [n].[Description], [n].[Image], [n].[ModifiedBy], [n].[Title]
      FROM [News] AS [n]
info: Microsoft.EntityFrameworkCore.Database.Command[20101]
      Executed DbCommand (1ms) [Parameters=[], CommandType='Text', CommandTimeout='30']
      SELECT [n].[NewsId], [n].[CreatedBy], [n].[DateCreated], [n].[DateModified], [n].[Description], [n].[Image], [n].[ModifiedBy], [n].[Title]
      FROM [News] AS [n]
info: Microsoft.EntityFrameworkCore.Database.Command[20101]
      Executed DbCommand (9ms) [Parameters=[], CommandType='Text', CommandTimeout='30']
      SELECT [s].[ServiceId], [s].[CreatedBy], [s].[DateCreated], [s].[DateModified], [s].[Description], [s].[ModifiedBy], [s].[Title]
      FROM [Services] AS [s]
info: Microsoft.EntityFrameworkCore.Database.Command[20101]
      Executed DbCommand (1ms) [Parameters=[], CommandType='Text', CommandTimeout='30']
      SELECT [s].[ServiceId], [s].[CreatedBy], [s].[DateCreated], [s].[DateModified], [s].[Description], [s].[ModifiedBy], [s].[Title]
      FROM [Services] AS [s]
info: Microsoft.EntityFrameworkCore.Database.Command[20101]
      Executed DbCommand (1ms) [Parameters=[], CommandType='Text', CommandTimeout='30']
      SELECT [s].[ServiceId], [s].[CreatedBy], [s].[DateCreated], [s].[DateModified], [s].[Description], [s].[ModifiedBy], [s].[Title]
      FROM [Services] AS [s]
info: Microsoft.EntityFrameworkCore.Database.Command[20101]
      Executed DbCommand (1ms) [Parameters=[], CommandType='Text', CommandTimeout='30']
      SELECT [n].[NewsId], [n].[CreatedBy], [n].[DateCreated], [n].[DateModified], [n].[Description], [n].[Image], [n].[ModifiedBy], [n].[Title]
      FROM [News] AS [n]
info: Microsoft.EntityFrameworkCore.Database.Command[20101]
      Executed DbCommand (5ms) [Parameters=[], CommandType='Text', CommandTimeout='30']
      SELECT [s].[ServiceId], [s].[CreatedBy], [s].[DateCreated], [s].[DateModified], [s].[Description], [s].[ModifiedBy], [s].[Title]
      FROM [Services] AS [s]
info: Microsoft.EntityFrameworkCore.Database.Command[20101]
      Executed DbCommand (5ms) [Parameters=[], CommandType='Text', CommandTimeout='30']
      SELECT [n].[NewsId], [n].[CreatedBy], [n].[DateCreated], [n].[DateModified], [n].[Description], [n].[Image], [n].[ModifiedBy], [n].[Title]
      FROM [News] AS [n]
info: Microsoft.EntityFrameworkCore.Database.Command[20101]
      Executed DbCommand (1ms) [Parameters=[], CommandType='Text', CommandTimeout='30']
      SELECT [n].[NewsId], [n].[CreatedBy], [n].[DateCreated], [n].[DateModified], [n].[Description], [n].[Image], [n].[ModifiedBy], [n].[Title]
      FROM [News] AS [n]
info: Microsoft.EntityFrameworkCore.Database.Command[20101]
      Executed DbCommand (1ms) [Parameters=[], CommandType='Text', CommandTimeout='30']
      SELECT [s].[ServiceId], [s].[CreatedBy], [s].[DateCreated], [s].[DateModified], [s].[Description], [s].[ModifiedBy], [s].[Title]
      FROM [Services] AS [s]
info: Microsoft.EntityFrameworkCore.Database.Command[20101]
      Executed DbCommand (4ms) [Parameters=[], CommandType='Text', CommandTimeout='30']
      SELECT [n].[NewsId], [n].[CreatedBy], [n].[DateCreated], [n].[DateModified], [n].[Description], [n].[Image], [n].[ModifiedBy], [n].[Title]
      FROM [News] AS [n]
info: Microsoft.EntityFrameworkCore.Database.Command[20101]
      Executed DbCommand (8ms) [Parameters=[], CommandType='Text', CommandTimeout='30']
      SELECT [s].[ServiceId], [s].[CreatedBy], [s].[DateCreated], [s].[DateModified], [s].[Description], [s].[ModifiedBy], [s].[Title]
      FROM [Services] AS [s]
info: Microsoft.EntityFrameworkCore.Database.Command[20101]
      Executed DbCommand (3ms) [Parameters=[], CommandType='Text', CommandTimeout='30']
      SELECT [s].[ServiceId], [s].[CreatedBy], [s].[DateCreated], [s].[DateModified], [s].[Description], [s].[ModifiedBy], [s].[Title]
      FROM [Services] AS [s]
info: Microsoft.EntityFrameworkCore.Database.Command[20101]
      Executed DbCommand (5ms) [Parameters=[], CommandType='Text', CommandTimeout='30']
      SELECT [n].[NewsId], [n].[CreatedBy], [n].[DateCreated], [n].[DateModified], [n].[Description], [n].[Image], [n].[ModifiedBy], [n].[Title]
      FROM [News] AS [n]
info: Microsoft.EntityFrameworkCore.Database.Command[20101]
      Executed DbCommand (1ms) [Parameters=[], CommandType='Text', CommandTimeout='30']
      SELECT [n].[NewsId], [n].[CreatedBy], [n].[DateCreated], [n].[DateModified], [n].[Description], [n].[Image], [n].[ModifiedBy], [n].[Title]
      FROM [News] AS [n]
info: Microsoft.EntityFrameworkCore.Database.Command[20101]
      Executed DbCommand (1ms) [Parameters=[], CommandType='Text', CommandTimeout='30']
      SELECT [s].[ServiceId], [s].[CreatedBy], [s].[DateCreated], [s].[DateModified], [s].[Description], [s].[ModifiedBy], [s].[Title]
      FROM [Services] AS [s]
info: Microsoft.EntityFrameworkCore.Database.Command[20101]
      Executed DbCommand (19ms) [Parameters=[], CommandType='Text', CommandTimeout='30']
      SELECT [s].[ServiceId], [s].[CreatedBy], [s].[DateCreated], [s].[DateModified], [s].[Description], [s].[ModifiedBy], [s].[Title]
      FROM [Services] AS [s]
info: Microsoft.EntityFrameworkCore.Database.Command[20101]
      Executed DbCommand (25ms) [Parameters=[], CommandType='Text', CommandTimeout='30']
      SELECT [n].[NewsId], [n].[CreatedBy], [n].[DateCreated], [n].[DateModified], [n].[Description], [n].[Image], [n].[ModifiedBy], [n].[Title]
      FROM [News] AS [n]
info: Microsoft.EntityFrameworkCore.Database.Command[20101]
      Executed DbCommand (2ms) [Parameters=[], CommandType='Text', CommandTimeout='30']
      SELECT [s].[ServiceId], [s].[CreatedBy], [s].[DateCreated], [s].[DateModified], [s].[Description], [s].[ModifiedBy], [s].[Title]
      FROM [Services] AS [s]
info: Microsoft.EntityFrameworkCore.Database.Command[20101]
      Executed DbCommand (5ms) [Parameters=[], CommandType='Text', CommandTimeout='30']
      SELECT [n].[NewsId], [n].[CreatedBy], [n].[DateCreated], [n].[DateModified], [n].[Description], [n].[Image], [n].[ModifiedBy], [n].[Title]
      FROM [News] AS [n]
info: Microsoft.EntityFrameworkCore.Database.Command[20101]
      Executed DbCommand (20ms) [Parameters=[], CommandType='Text', CommandTimeout='30']
      SELECT [s].[ServiceId], [s].[CreatedBy], [s].[DateCreated], [s].[DateModified], [s].[Description], [s].[ModifiedBy], [s].[Title]
      FROM [Services] AS [s]
info: Microsoft.EntityFrameworkCore.Database.Command[20101]
      Executed DbCommand (64ms) [Parameters=[], CommandType='Text', CommandTimeout='30']
      SELECT [n].[NewsId], [n].[CreatedBy], [n].[DateCreated], [n].[DateModified], [n].[Description], [n].[Image], [n].[ModifiedBy], [n].[Title]
      FROM [News] AS [n]
info: Microsoft.EntityFrameworkCore.Database.Command[20101]
      Executed DbCommand (8ms) [Parameters=[], CommandType='Text', CommandTimeout='30']
      SELECT [s].[ServiceId], [s].[CreatedBy], [s].[DateCreated], [s].[DateModified], [s].[Description], [s].[ModifiedBy], [s].[Title]
      FROM [Services] AS [s]
info: Microsoft.EntityFrameworkCore.Database.Command[20101]
      Executed DbCommand (51ms) [Parameters=[], CommandType='Text', CommandTimeout='30']
      SELECT [n].[NewsId], [n].[CreatedBy], [n].[DateCreated], [n].[DateModified], [n].[Description], [n].[Image], [n].[ModifiedBy], [n].[Title]
      FROM [News] AS [n]
info: Microsoft.EntityFrameworkCore.Database.Command[20101]
      Executed DbCommand (7ms) [Parameters=[], CommandType='Text', CommandTimeout='30']
      SELECT [s].[ServiceId], [s].[CreatedBy], [s].[DateCreated], [s].[DateModified], [s].[Description], [s].[ModifiedBy], [s].[Title]
      FROM [Services] AS [s]
info: Microsoft.EntityFrameworkCore.Database.Command[20101]
      Executed DbCommand (1ms) [Parameters=[], CommandType='Text', CommandTimeout='30']
      SELECT [s].[ServiceId], [s].[CreatedBy], [s].[DateCreated], [s].[DateModified], [s].[Description], [s].[ModifiedBy], [s].[Title]
      FROM [Services] AS [s]
info: Microsoft.EntityFrameworkCore.Database.Command[20101]
      Executed DbCommand (278ms) [Parameters=[@__p_0='?' (DbType = Int32)], CommandType='Text', CommandTimeout='30']
      SELECT TOP(1) [s].[ServiceId], [s].[CreatedBy], [s].[DateCreated], [s].[DateModified], [s].[Description], [s].[ModifiedBy], [s].[Title]
      FROM [Services] AS [s]
      WHERE [s].[ServiceId] = @__p_0
info: Microsoft.EntityFrameworkCore.Database.Command[20101]
      Executed DbCommand (9ms) [Parameters=[@p0='?' (DbType = Int32)], CommandType='Text', CommandTimeout='30']
      SET IMPLICIT_TRANSACTIONS OFF;
      SET NOCOUNT ON;
      DELETE FROM [Services]
      OUTPUT 1
      WHERE [ServiceId] = @p0;
info: Microsoft.EntityFrameworkCore.Database.Command[20101]
      Executed DbCommand (1ms) [Parameters=[@__p_0='?' (DbType = Int32)], CommandType='Text', CommandTimeout='30']
      SELECT TOP(1) [s].[ServiceId], [s].[CreatedBy], [s].[DateCreated], [s].[DateModified], [s].[Description], [s].[ModifiedBy], [s].[Title]
      FROM [Services] AS [s]
      WHERE [s].[ServiceId] = @__p_0
info: Microsoft.EntityFrameworkCore.Database.Command[20101]
      Executed DbCommand (3ms) [Parameters=[@p0='?' (DbType = Int32)], CommandType='Text', CommandTimeout='30']
      SET IMPLICIT_TRANSACTIONS OFF;
      SET NOCOUNT ON;
      DELETE FROM [Services]
      OUTPUT 1
      WHERE [ServiceId] = @p0;
info: Microsoft.EntityFrameworkCore.Database.Command[20101]
      Executed DbCommand (4ms) [Parameters=[], CommandType='Text', CommandTimeout='30']
      SELECT [s].[ServiceId], [s].[CreatedBy], [s].[DateCreated], [s].[DateModified], [s].[Description], [s].[ModifiedBy], [s].[Title]
      FROM [Services] AS [s]
info: Microsoft.EntityFrameworkCore.Database.Command[20101]
      Executed DbCommand (1ms) [Parameters=[], CommandType='Text', CommandTimeout='30']
      SELECT [s].[ServiceId], [s].[CreatedBy], [s].[DateCreated], [s].[DateModified], [s].[Description], [s].[ModifiedBy], [s].[Title]
      FROM [Services] AS [s]
info: Microsoft.EntityFrameworkCore.Database.Command[20101]
      Executed DbCommand (6ms) [Parameters=[], CommandType='Text', CommandTimeout='30']
      SELECT [n].[NewsId], [n].[CreatedBy], [n].[DateCreated], [n].[DateModified], [n].[Description], [n].[Image], [n].[ModifiedBy], [n].[Title]
      FROM [News] AS [n]
info: Microsoft.EntityFrameworkCore.Database.Command[20101]
      Executed DbCommand (7ms) [Parameters=[], CommandType='Text', CommandTimeout='30']
      SELECT [s].[ServiceId], [s].[CreatedBy], [s].[DateCreated], [s].[DateModified], [s].[Description], [s].[ModifiedBy], [s].[Title]
      FROM [Services] AS [s]
info: Microsoft.EntityFrameworkCore.Database.Command[20101]
      Executed DbCommand (4ms) [Parameters=[], CommandType='Text', CommandTimeout='30']
      SELECT [n].[NewsId], [n].[CreatedBy], [n].[DateCreated], [n].[DateModified], [n].[Description], [n].[Image], [n].[ModifiedBy], [n].[Title]
      FROM [News] AS [n]
info: Microsoft.EntityFrameworkCore.Database.Command[20101]
      Executed DbCommand (1ms) [Parameters=[], CommandType='Text', CommandTimeout='30']
      SELECT [s].[ServiceId], [s].[CreatedBy], [s].[DateCreated], [s].[DateModified], [s].[Description], [s].[ModifiedBy], [s].[Title]
      FROM [Services] AS [s]
info: Microsoft.EntityFrameworkCore.Database.Command[20101]
      Executed DbCommand (6ms) [Parameters=[], CommandType='Text', CommandTimeout='30']
      SELECT [n].[NewsId], [n].[CreatedBy], [n].[DateCreated], [n].[DateModified], [n].[Description], [n].[Image], [n].[ModifiedBy], [n].[Title]
      FROM [News] AS [n]
info: Microsoft.EntityFrameworkCore.Database.Command[20101]
      Executed DbCommand (8ms) [Parameters=[], CommandType='Text', CommandTimeout='30']
      SELECT [s].[ServiceId], [s].[CreatedBy], [s].[DateCreated], [s].[DateModified], [s].[Description], [s].[ModifiedBy], [s].[Title]
      FROM [Services] AS [s]
info: Microsoft.EntityFrameworkCore.Database.Command[20101]
      Executed DbCommand (1ms) [Parameters=[], CommandType='Text', CommandTimeout='30']
      SELECT [n].[NewsId], [n].[CreatedBy], [n].[DateCreated], [n].[DateModified], [n].[Description], [n].[Image], [n].[ModifiedBy], [n].[Title]
      FROM [News] AS [n]
info: Microsoft.EntityFrameworkCore.Database.Command[20101]
      Executed DbCommand (1ms) [Parameters=[], CommandType='Text', CommandTimeout='30']
      SELECT [s].[ServiceId], [s].[CreatedBy], [s].[DateCreated], [s].[DateModified], [s].[Description], [s].[ModifiedBy], [s].[Title]
      FROM [Services] AS [s]
info: Microsoft.Hosting.Lifetime[0]
      Application is shutting down...
