info: Microsoft.Hosting.Lifetime[0]
      Application started. Press Ctrl+C to shut down.
info: Microsoft.Hosting.Lifetime[0]
      Hosting environment: Production
info: Microsoft.Hosting.Lifetime[0]
      Content root path: F:\UM\Website\WEB-PORTAL-API\WEB-PORTAL-API\bin\Release\net6.0\
warn: Microsoft.AspNetCore.HttpsPolicy.HttpsRedirectionMiddleware[3]
      Failed to determine the https port for redirect.
info: Microsoft.EntityFrameworkCore.Database.Command[20101]
      Executed DbCommand (40ms) [Parameters=[], CommandType='Text', CommandTimeout='30']
      SELECT [n].[NewsId], [n].[CreatedBy], [n].[DateCreated], [n].[DateModified], [n].[Description], [n].[Image], [n].[ModifiedBy], [n].[Title]
      FROM [News] AS [n]
info: Microsoft.EntityFrameworkCore.Database.Command[20101]
      Executed DbCommand (4ms) [Parameters=[], CommandType='Text', CommandTimeout='30']
      SELECT [n].[NewsId], [n].[CreatedBy], [n].[DateCreated], [n].[DateModified], [n].[Description], [n].[Image], [n].[ModifiedBy], [n].[Title]
      FROM [News] AS [n]
info: Microsoft.EntityFrameworkCore.Database.Command[20101]
      Executed DbCommand (13ms) [Parameters=[], CommandType='Text', CommandTimeout='30']
      SELECT [n].[NewsId], [n].[CreatedBy], [n].[DateCreated], [n].[DateModified], [n].[Description], [n].[Image], [n].[ModifiedBy], [n].[Title]
      FROM [News] AS [n]
info: Microsoft.EntityFrameworkCore.Database.Command[20101]
      Executed DbCommand (1ms) [Parameters=[], CommandType='Text', CommandTimeout='30']
      SELECT [n].[NewsId], [n].[CreatedBy], [n].[DateCreated], [n].[DateModified], [n].[Description], [n].[Image], [n].[ModifiedBy], [n].[Title]
      FROM [News] AS [n]
info: Microsoft.EntityFrameworkCore.Database.Command[20101]
      Executed DbCommand (1ms) [Parameters=[], CommandType='Text', CommandTimeout='30']
      SELECT [n].[NewsId], [n].[CreatedBy], [n].[DateCreated], [n].[DateModified], [n].[Description], [n].[Image], [n].[ModifiedBy], [n].[Title]
      FROM [News] AS [n]
info: Microsoft.EntityFrameworkCore.Database.Command[20101]
      Executed DbCommand (2ms) [Parameters=[], CommandType='Text', CommandTimeout='30']
      SELECT [n].[NewsId], [n].[CreatedBy], [n].[DateCreated], [n].[DateModified], [n].[Description], [n].[Image], [n].[ModifiedBy], [n].[Title]
      FROM [News] AS [n]
info: Microsoft.EntityFrameworkCore.Database.Command[20101]
      Executed DbCommand (1ms) [Parameters=[], CommandType='Text', CommandTimeout='30']
      SELECT [n].[NewsId], [n].[CreatedBy], [n].[DateCreated], [n].[DateModified], [n].[Description], [n].[Image], [n].[ModifiedBy], [n].[Title]
      FROM [News] AS [n]
info: Microsoft.EntityFrameworkCore.Database.Command[20101]
      Executed DbCommand (2ms) [Parameters=[], CommandType='Text', CommandTimeout='30']
      SELECT [n].[NewsId], [n].[CreatedBy], [n].[DateCreated], [n].[DateModified], [n].[Description], [n].[Image], [n].[ModifiedBy], [n].[Title]
      FROM [News] AS [n]
info: Microsoft.EntityFrameworkCore.Database.Command[20101]
      Executed DbCommand (6ms) [Parameters=[], CommandType='Text', CommandTimeout='30']
      SELECT [n].[NewsId], [n].[CreatedBy], [n].[DateCreated], [n].[DateModified], [n].[Description], [n].[Image], [n].[ModifiedBy], [n].[Title]
      FROM [News] AS [n]
info: Microsoft.Hosting.Lifetime[0]
      Application is shutting down...
