info: Microsoft.Hosting.Lifetime[0]
      Application started. Press Ctrl+C to shut down.
info: Microsoft.Hosting.Lifetime[0]
      Hosting environment: Production
info: Microsoft.Hosting.Lifetime[0]
      Content root path: F:\UM\Website\WEB-PORTAL-API\WEB-PORTAL-API\bin\Release\net6.0\
warn: Microsoft.AspNetCore.HttpsPolicy.HttpsRedirectionMiddleware[3]
      Failed to determine the https port for redirect.
info: Microsoft.EntityFrameworkCore.Database.Command[20101]
      Executed DbCommand (62ms) [Parameters=[], CommandType='Text', CommandTimeout='30']
      SELECT [n].[NewsId], [n].[CreatedBy], [n].[DateCreated], [n].[DateModified], [n].[Description], [n].[Image], [n].[ModifiedBy], [n].[Title]
      FROM [News] AS [n]
info: Microsoft.EntityFrameworkCore.Database.Command[20101]
      Executed DbCommand (66ms) [Parameters=[], CommandType='Text', CommandTimeout='30']
      SELECT [s].[ServiceId], [s].[CreatedBy], [s].[DateCreated], [s].[DateModified], [s].[Description], [s].[ModifiedBy], [s].[Title]
      FROM [Services] AS [s]
info: Microsoft.EntityFrameworkCore.Database.Command[20101]
      Executed DbCommand (87ms) [Parameters=[], CommandType='Text', CommandTimeout='30']
      SELECT [c].[ContactId], [c].[Address], [c].[CreatedBy], [c].[DateCreated], [c].[DateModified], [c].[Email], [c].[MobileNo], [c].[ModifiedBy], [c].[Name], [c].[StreetAddress], [c].[TelephoneNo]
      FROM [Contacts] AS [c]
info: Microsoft.EntityFrameworkCore.Database.Command[20101]
      Executed DbCommand (8ms) [Parameters=[], CommandType='Text', CommandTimeout='30']
      SELECT [n].[NewsId], [n].[CreatedBy], [n].[DateCreated], [n].[DateModified], [n].[Description], [n].[Image], [n].[ModifiedBy], [n].[Title]
      FROM [News] AS [n]
info: Microsoft.EntityFrameworkCore.Database.Command[20101]
      Executed DbCommand (2ms) [Parameters=[], CommandType='Text', CommandTimeout='30']
      SELECT [n].[NewsId], [n].[CreatedBy], [n].[DateCreated], [n].[DateModified], [n].[Description], [n].[Image], [n].[ModifiedBy], [n].[Title]
      FROM [News] AS [n]
info: Microsoft.EntityFrameworkCore.Database.Command[20101]
      Executed DbCommand (2ms) [Parameters=[], CommandType='Text', CommandTimeout='30']
      SELECT [n].[NewsId], [n].[CreatedBy], [n].[DateCreated], [n].[DateModified], [n].[Description], [n].[Image], [n].[ModifiedBy], [n].[Title]
      FROM [News] AS [n]
info: Microsoft.EntityFrameworkCore.Database.Command[20101]
      Executed DbCommand (2ms) [Parameters=[], CommandType='Text', CommandTimeout='30']
      SELECT [s].[ServiceId], [s].[CreatedBy], [s].[DateCreated], [s].[DateModified], [s].[Description], [s].[ModifiedBy], [s].[Title]
      FROM [Services] AS [s]
info: Microsoft.Hosting.Lifetime[0]
      Application is shutting down...
